# JRE version: OpenJDK Runtime Environment Temurin-17.0.14+7 (17.0.14+7) (build 17.0.14+7)
# Java VM: OpenJDK 64-Bit Server VM Temurin-17.0.14+7 (17.0.14+7, mixed mode, sharing, tiered, compressed oops, compressed class ptrs, g1 gc, windows-amd64)
GC Precious Log:
 CPUs: 4 total, 4 available
 Memory: 3963M
 Large Page Support: Disabled
 NUMA Support: Disabled
 Compressed Oops: Enabled (32-bit)
 Heap Region Size: 1M
 Heap Min Capacity: 8M
 Heap Initial Capacity: 62M
 Heap Max Capacity: 992M
 Pre-touch: Disabled
 Parallel Workers: 4
 Concurrent Workers: 1
 Concurrent Refinement Workers: 4
 Periodic GC: Disabled
Heap:
 garbage-first heap   total 55296K, used 39483K [0x00000000c2000000, 0x0000000100000000)
  region size 1024K, 14 young (14336K), 1 survivors (1024K)
 Metaspace       used 69644K, committed 70208K, reserved 1114112K
  class space    used 9113K, committed 9408K, reserved 1048576K
GC Heap History (20 events):
Event: 11708.917 GC heap before
{Heap before GC invocations=33 (full 0):
 garbage-first heap   total 55296K, used 29248K [0x00000000c2000000, 0x0000000100000000)
  region size 1024K, 2 young (2048K), 1 survivors (1024K)
 Metaspace       used 66774K, committed 67328K, reserved 1114112K
  class space    used 9102K, committed 9408K, reserved 1048576K
}
Event: 11709.122 GC heap after
{Heap after GC invocations=34 (full 0):
 garbage-first heap   total 55296K, used 28189K [0x00000000c2000000, 0x0000000100000000)
  region size 1024K, 1 young (1024K), 1 survivors (1024K)
 Metaspace       used 66774K, committed 67328K, reserved 1114112K
  class space    used 9102K, committed 9408K, reserved 1048576K
}
Event: 12239.746 GC heap before
{Heap before GC invocations=34 (full 0):
 garbage-first heap   total 55296K, used 29213K [0x00000000c2000000, 0x0000000100000000)
  region size 1024K, 2 young (2048K), 1 survivors (1024K)
 Metaspace       used 66834K, committed 67392K, reserved 1114112K
  class space    used 9103K, committed 9408K, reserved 1048576K
}
Event: 12240.033 GC heap after
{Heap after GC invocations=35 (full 0):
 garbage-first heap   total 55296K, used 28065K [0x00000000c2000000, 0x0000000100000000)
  region size 1024K, 1 young (1024K), 1 survivors (1024K)
 Metaspace       used 66834K, committed 67392K, reserved 1114112K
  class space    used 9103K, committed 9408K, reserved 1048576K
}
Event: 18074.381 GC heap before
{Heap before GC invocations=35 (full 0):
 garbage-first heap   total 55296K, used 38305K [0x00000000c2000000, 0x0000000100000000)
  region size 1024K, 12 young (12288K), 1 survivors (1024K)
 Metaspace       used 67347K, committed 67904K, reserved 1114112K
  class space    used 9111K, committed 9408K, reserved 1048576K
}
Event: 18074.888 GC heap after
{Heap after GC invocations=36 (full 0):
 garbage-first heap   total 55296K, used 28840K [0x00000000c2000000, 0x0000000100000000)
  region size 1024K, 2 young (2048K), 2 survivors (2048K)
 Metaspace       used 67347K, committed 67904K, reserved 1114112K
  class space    used 9111K, committed 9408K, reserved 1048576K
}
Event: 18127.774 GC heap before
{Heap before GC invocations=37 (full 0):
 garbage-first heap   total 55296K, used 29864K [0x00000000c2000000, 0x0000000100000000)
  region size 1024K, 3 young (3072K), 2 survivors (2048K)
 Metaspace       used 67369K, committed 67904K, reserved 1114112K
  class space    used 9111K, committed 9408K, reserved 1048576K
}
Event: 18127.840 GC heap after
{Heap after GC invocations=38 (full 0):
 garbage-first heap   total 55296K, used 28519K [0x00000000c2000000, 0x0000000100000000)
  region size 1024K, 1 young (1024K), 1 survivors (1024K)
 Metaspace       used 67369K, committed 67904K, reserved 1114112K
  class space    used 9111K, committed 9408K, reserved 1048576K
}
Event: 18386.599 GC heap before
{Heap before GC invocations=38 (full 0):
 garbage-first heap   total 55296K, used 29543K [0x00000000c2000000, 0x0000000100000000)
  region size 1024K, 2 young (2048K), 1 survivors (1024K)
 Metaspace       used 67429K, committed 67968K, reserved 1114112K
  class space    used 9111K, committed 9408K, reserved 1048576K
}
Event: 18386.770 GC heap after
{Heap after GC invocations=39 (full 0):
 garbage-first heap   total 55296K, used 27803K [0x00000000c2000000, 0x0000000100000000)
  region size 1024K, 1 young (1024K), 1 survivors (1024K)
 Metaspace       used 67429K, committed 67968K, reserved 1114112K
  class space    used 9111K, committed 9408K, reserved 1048576K
}
Event: 18404.589 GC heap before
{Heap before GC invocations=39 (full 0):
 garbage-first heap   total 55296K, used 28827K [0x00000000c2000000, 0x0000000100000000)
  region size 1024K, 2 young (2048K), 1 survivors (1024K)
 Metaspace       used 67471K, committed 67968K, reserved 1114112K
  class space    used 9111K, committed 9408K, reserved 1048576K
}
Event: 18404.785 GC heap after
{Heap after GC invocations=40 (full 0):
 garbage-first heap   total 55296K, used 27514K [0x00000000c2000000, 0x0000000100000000)
  region size 1024K, 1 young (1024K), 1 survivors (1024K)
 Metaspace       used 67471K, committed 67968K, reserved 1114112K
  class space    used 9111K, committed 9408K, reserved 1048576K
}
Event: 18431.448 GC heap before
{Heap before GC invocations=40 (full 0):
 garbage-first heap   total 55296K, used 34682K [0x00000000c2000000, 0x0000000100000000)
  region size 1024K, 8 young (8192K), 1 survivors (1024K)
 Metaspace       used 67894K, committed 68480K, reserved 1114112K
  class space    used 9111K, committed 9408K, reserved 1048576K
}
Event: 18431.503 GC heap after
{Heap after GC invocations=41 (full 0):
 garbage-first heap   total 55296K, used 27632K [0x00000000c2000000, 0x0000000100000000)
  region size 1024K, 1 young (1024K), 1 survivors (1024K)
 Metaspace       used 67894K, committed 68480K, reserved 1114112K
  class space    used 9111K, committed 9408K, reserved 1048576K
}
Event: 18455.231 GC heap before
{Heap before GC invocations=42 (full 0):
 garbage-first heap   total 55296K, used 39920K [0x00000000c2000000, 0x0000000100000000)
  region size 1024K, 13 young (13312K), 1 survivors (1024K)
 Metaspace       used 68815K, committed 69312K, reserved 1114112K
  class space    used 9112K, committed 9408K, reserved 1048576K
}
Event: 18455.240 GC heap after
{Heap after GC invocations=43 (full 0):
 garbage-first heap   total 55296K, used 27621K [0x00000000c2000000, 0x0000000100000000)
  region size 1024K, 1 young (1024K), 1 survivors (1024K)
 Metaspace       used 68815K, committed 69312K, reserved 1114112K
  class space    used 9112K, committed 9408K, reserved 1048576K
}
Event: 18456.847 GC heap before
{Heap before GC invocations=43 (full 0):
 garbage-first heap   total 55296K, used 28645K [0x00000000c2000000, 0x0000000100000000)
  region size 1024K, 2 young (2048K), 1 survivors (1024K)
 Metaspace       used 68871K, committed 69376K, reserved 1114112K
  class space    used 9112K, committed 9408K, reserved 1048576K
}
Event: 18456.877 GC heap after
{Heap after GC invocations=44 (full 0):
 garbage-first heap   total 55296K, used 27155K [0x00000000c2000000, 0x0000000100000000)
  region size 1024K, 1 young (1024K), 1 survivors (1024K)
 Metaspace       used 68871K, committed 69376K, reserved 1114112K
  class space    used 9112K, committed 9408K, reserved 1048576K
}
Event: 18483.195 GC heap before
{Heap before GC invocations=44 (full 0):
 garbage-first heap   total 55296K, used 41491K [0x00000000c2000000, 0x0000000100000000)
  region size 1024K, 15 young (15360K), 1 survivors (1024K)
 Metaspace       used 69551K, committed 70144K, reserved 1114112K
  class space    used 9113K, committed 9408K, reserved 1048576K
}
Event: 18483.382 GC heap after
{Heap after GC invocations=45 (full 0):
 garbage-first heap   total 55296K, used 27195K [0x00000000c2000000, 0x0000000100000000)
  region size 1024K, 1 young (1024K), 1 survivors (1024K)
 Metaspace       used 69551K, committed 70144K, reserved 1114112K
  class space    used 9113K, committed 9408K, reserved 1048576K
}

